This is pdfTeX, Version 3.14159265-2.6-1.40.20 (TeX Live 2019) (preloaded format=pdflatex 2019.5.8)  26 JUL 2023 17:20
entering extended mode
 restricted \write18 enabled.
 %&-line parsing enabled.
**sagetex.ins
(./sagetex.ins
LaTeX2e <2018-12-01>
(/usr/local/texlive/2019/texmf-dist/tex/latex/base/docstrip.tex
\blockLevel=\count80
\emptyLines=\count81
\processedLines=\count82
\commentsRemoved=\count83
\commentsPassed=\count84
\codeLinesPassed=\count85
\TotalprocessedLines=\count86
\TotalcommentsRemoved=\count87
\TotalcommentsPassed=\count88
\TotalcodeLinesPassed=\count89
\NumberOfFiles=\count90
\inFile=\read1
\inputcheck=\read2
\off@0=\count91
\off@1=\count92
\off@2=\count93
\off@3=\count94
\off@4=\count95
\off@5=\count96
\off@6=\count97
\off@7=\count98
\off@8=\count99
\off@9=\count100
\off@10=\count101
\off@11=\count102
\off@12=\count103
\off@13=\count104
\off@14=\count105
\off@15=\count106
\@maxfiles=\count107
\@maxoutfiles=\count108

Utility: `docstrip' 2.5g <2018/05/03>
English documentation    <2018/05/03>

**********************************************************
* This program converts documented macro-files into fast *
* loadable files by stripping off (nearly) all comments! *
**********************************************************

********************************************************
* No Configuration file found, using default settings. *
********************************************************

)

Generating file(s) ./sagetex.sty 
\openout0 = `./sagetex.sty'.


Processing file sagetex.dtx (latex) -> sagetex.sty
Lines  processed: 1231
Comments removed: 1104
Comments  passed: 0
Codelines passed: 115


Processing file py-and-sty.dtx (latex) -> sagetex.sty
Lines  processed: 1579
Comments removed: 1030
Comments  passed: 0
Codelines passed: 545


Generating file(s) ./sagetex.py 
\openout0 = `./sagetex.py'.


Processing file sagetex.dtx (python) -> sagetex.py
Lines  processed: 1231
Comments removed: 1104
Comments  passed: 0
Codelines passed: 115


Processing file py-and-sty.dtx (python) -> sagetex.py
Lines  processed: 1579
Comments removed: 1030
Comments  passed: 0
Codelines passed: 545


Generating file(s) ./sagetexparse.py 
\openout0 = `./sagetexparse.py'.


Processing file scripts.dtx (parsermod) -> sagetexparse.py
Lines  processed: 541
Comments removed: 202
Comments  passed: 0
Codelines passed: 331


Generating file(s) ./sagetex-run.py 
\openout0 = `./sagetex-run.py'.


Processing file scripts.dtx (ifnecessaryscript) -> sagetex-run.py
Lines  processed: 541
Comments removed: 202
Comments  passed: 0
Codelines passed: 331


Generating file(s) ./sagetex-makestatic.py 
\openout0 = `./sagetex-makestatic.py'.


Processing file scripts.dtx (staticscript) -> sagetex-makestatic.py
Lines  processed: 541
Comments removed: 202
Comments  passed: 0
Codelines passed: 331


Generating file(s) ./sagetex-extract.py 
\openout0 = `./sagetex-extract.py'.


Processing file scripts.dtx (extractscript) -> sagetex-extract.py
Lines  processed: 541
Comments removed: 202
Comments  passed: 0
Codelines passed: 331


Generating file(s) ./sagetex-remote.py 
\openout0 = `./sagetex-remote.py'.


Processing file remote-sagetex.dtx (remotesagetex) -> sagetex-remote.py
Lines  processed: 437
Comments removed: 117
Comments  passed: 0
Codelines passed: 318

******************************************************************
*                                                                *
* To finish the installation, move the following files           *
* into directories searched by TeX and Sage, respectively:       *
*                                                                *
*     sagetex.sty                                                *
*     sagetex.py                                                 *
*                                                                *
* See the documentation for complete installation details.       *
*                                                                *
* To produce the documentation run the file sagetex.dtx through  *
* LaTeX. To produce the change history, run                      *
*                                                                *
* makeindex -s gglo.ist -o sagetex.gls sagetex.glo               *
*                                                                *
* and to get the regular index, do                               *
*                                                                *
* makeindex -s gind.ist -o sagetex.ind sagetex.idx               *
*                                                                *
* Happy TeXing...and, uh, Saging?                                *
*                                                                *
******************************************************************
Overall statistics:
Files  processed: 9
Lines  processed: 8221
Comments removed: 5193
Comments  passed: 0
Codelines passed: 2962
 ) 
Here is how much of TeX's memory you used:
 383 strings out of 492616
 4233 string characters out of 6129482
 67057 words of memory out of 5000000
 4388 multiletter control sequences out of 15000+600000
 3640 words of font info for 14 fonts, out of 8000000 for 9000
 1141 hyphenation exceptions out of 8191
 14i,0n,15p,193b,128s stack positions out of 5000i,500n,10000p,200000b,80000s

No pages of output.
PDF statistics:
 0 PDF objects out of 1000 (max. 8388607)
 0 named destinations out of 1000 (max. 500000)
 1 words of extra memory for PDF output out of 10000 (max. 10000000)

