\BOOKMARK [1][-]{section.1}{Introduction}{}% 1
\BOOKMARK [1][-]{section.2}{Installation}{}% 2
\BOOKMARK [2][-]{subsection.2.1}{SageTeX and TeXLive}{section.2}% 3
\BOOKMARK [2][-]{subsection.2.2}{The noversioncheck option}{section.2}% 4
\BOOKMARK [2][-]{subsection.2.3}{Using TeXShop}{section.2}% 5
\BOOKMARK [2][-]{subsection.2.4}{Other scripts included with SageTeX}{section.2}% 6
\BOOKMARK [1][-]{section.3}{Usage}{}% 7
\BOOKMARK [2][-]{subsection.3.1}{Inline Sage}{section.3}% 8
\BOOKMARK [3][-]{subsubsection.3.1.1}{Arguments with side effects}{subsection.3.1}% 9
\BOOKMARK [2][-]{subsection.3.2}{Graphics and plotting}{section.3}% 10
\BOOKMARK [3][-]{subsubsection.3.2.1}{3D plotting}{subsection.3.2}% 11
\BOOKMARK [3][-]{subsubsection.3.2.2}{But that's not good enough!}{subsection.3.2}% 12
\BOOKMARK [2][-]{subsection.3.3}{Verbatim-like environments}{section.3}% 13
\BOOKMARK [2][-]{subsection.3.4}{Pausing SageTeX}{section.3}% 14
\BOOKMARK [1][-]{section.4}{Other notes}{}% 15
\BOOKMARK [2][-]{subsection.4.1}{Using the sage macro inside align \(and similar\) environments}{section.4}% 16
\BOOKMARK [2][-]{subsection.4.2}{Using sage inside caption}{section.4}% 17
\BOOKMARK [2][-]{subsection.4.3}{Using SageTeX with TeXworks}{section.4}% 18
\BOOKMARK [2][-]{subsection.4.4}{Using Beamer}{section.4}% 19
\BOOKMARK [2][-]{subsection.4.5}{Using the rccol package}{section.4}% 20
\BOOKMARK [2][-]{subsection.4.6}{Plotting from Mathematica, Maple, etc.}{section.4}% 21
\BOOKMARK [2][-]{subsection.4.7}{Sending SageTeX files to others who don't use Sage}{section.4}% 22
\BOOKMARK [3][-]{subsubsection.4.7.1}{The 21st century way}{subsection.4.7}% 23
\BOOKMARK [3][-]{subsubsection.4.7.2}{The Nth century way, for N < 21}{subsection.4.7}% 24
\BOOKMARK [2][-]{subsection.4.8}{Extracting the Sage code from a document}{section.4}% 25
\BOOKMARK [1][-]{section.5}{Using SageTeX without Sage installed}{}% 26
\BOOKMARK [2][-]{subsection.5.1}{Limitations of remote-sagetex.py}{section.5}% 27
\BOOKMARK [2][-]{subsection.5.2}{Other caveats}{section.5}% 28
\BOOKMARK [1][-]{section.6}{Implementation}{}% 29
\BOOKMARK [2][-]{subsection.6.1}{The style file}{section.6}% 30
\BOOKMARK [3][-]{subsubsection.6.1.1}{Initialization}{subsection.6.1}% 31
\BOOKMARK [3][-]{subsubsection.6.1.2}{The \sage and \sagestr macros}{subsection.6.1}% 32
\BOOKMARK [3][-]{subsubsection.6.1.3}{The \sageplot macro and friends}{subsection.6.1}% 33
\BOOKMARK [3][-]{subsubsection.6.1.4}{Verbatim-like environments}{subsection.6.1}% 34
\BOOKMARK [3][-]{subsubsection.6.1.5}{Pausing SageTeX}{subsection.6.1}% 35
\BOOKMARK [3][-]{subsubsection.6.1.6}{End-of-document cleanup}{subsection.6.1}% 36
\BOOKMARK [2][-]{subsection.6.2}{The Python module}{section.6}% 37
\BOOKMARK [3][-]{subsubsection.6.2.1}{The SageTeXProcessor class}{subsection.6.2}% 38
\BOOKMARK [1][-]{section.7}{Included Python scripts}{}% 39
\BOOKMARK [2][-]{subsection.7.1}{sagetex-run}{section.7}% 40
\BOOKMARK [2][-]{subsection.7.2}{sagetex-makestatic}{section.7}% 41
\BOOKMARK [2][-]{subsection.7.3}{sagetex-extract}{section.7}% 42
\BOOKMARK [2][-]{subsection.7.4}{The parser module}{section.7}% 43
\BOOKMARK [1][-]{section.8}{The remote-sagetex script}{}% 44
\BOOKMARK [1][-]{section.9}{Credits and acknowledgments}{}% 45
\BOOKMARK [1][-]{section.10}{Copying and licenses}{}% 46
